[2026-01-01 02:05:00] INFO: {GET} /student/mySubmisions
[2026-01-01 02:07:57] INFO: {POST} /identification/login
[2026-01-01 02:09:19] INFO: {GET} /student/mySubmisions
[2026-01-01 02:11:36] INFO: {GET} /student/mySubmisions
[2026-01-01 02:13:29] INFO: {GET} /student/mySubmisions
[2026-01-01 02:17:44] INFO: {GET} /student/mySubmisions
[2026-01-01 02:19:40] INFO: {GET} /student/mySubmisions
[2026-01-01 02:52:25] INFO: {PUT} /api/submissions/:54690124
[2026-01-01 02:57:31] INFO: {PUT} /teacher/markSubmission/54690124/6955af769be18708a10d8242
[2026-01-01 03:06:54] INFO: {PUT} /teacher/markSubmission/54690124/6955af769be18708a10d8242
[2026-01-01 03:08:11] INFO: {PUT} /teacher/markSubmission/54690124/6955af769be18708a10d8242
[2026-01-01 03:10:56] INFO: {PUT} /teacher/markSubmission/54690124/6955af769be18708a10d8242
[2026-01-01 03:13:23] INFO: {PUT} /teacher/markSubmission/54690124/6955af769be18708a10d8242
[2026-01-01 03:15:20] INFO: {POST} /identification/login
[2026-01-01 03:15:42] INFO: {GET} /teacher/averageGrade
[2026-01-01 03:20:44] INFO: {GET} /teacher/averageGrade
[2026-01-01 03:23:32] INFO: {GET} /teacher/averageGrade
[2026-01-01 03:26:07] INFO: {GET} /teacher/averageGrade
[2026-01-01 03:27:41] INFO: {GET} /teacher/averageGrade
[2026-01-01 03:29:51] INFO: {GET} /teacher/averageGrade
[2026-01-01 03:32:03] INFO: {GET} /teacher/averageGrade
[2026-01-01 03:35:09] INFO: {GET} /teacher/averageGrade
[2026-01-01 03:35:42] INFO: {PUT} /teacher/markSubmission/54690124/6955af769be18708a10d8242
[2026-01-01 03:39:23] INFO: {GET} /teacher/submissions
[2026-01-01 03:39:42] INFO: {GET} /teacher/submissions
[2026-01-01 03:43:26] INFO: {GET} /teacher/submissions
[2026-01-01 03:52:23] INFO: {GET} /teacher/submissions
[2026-01-01 03:54:07] INFO: {GET} /teacher/submissions
[2026-01-01 04:12:59] INFO: {GET} /auth/login
[2026-01-01 04:16:13] INFO: {GET} /teacher/averageGrade
