[2025-12-31 19:54:54] INFO: {GET} /auth%0A
[2025-12-31 19:56:15] INFO: {GET} /auth/login%0A%0A
[2025-12-31 19:57:42] INFO: {POST} /auth/login%0A%0A
[2025-12-31 20:04:35] INFO: {GET} /auth/test%0A%0A%0A%0A
[2025-12-31 20:11:42] INFO: {GET} /auth/test%0A%0A%0A%0A
[2025-12-31 20:13:38] INFO: {POST} /auth/login%0A%0A%0A%0A
[2025-12-31 20:16:00] INFO: {POST} /auth/test%0A%0A%0A%0A
[2025-12-31 20:16:09] INFO: {GET} /auth/test%0A%0A%0A%0A
[2025-12-31 20:16:33] INFO: {POST} /auth/login%0A%0A%0A%0A
[2025-12-31 20:21:06] INFO: {POST} /auth/login%0A%0A%0A%0A
[2025-12-31 20:23:04] INFO: {GET} /auth/test%0A%0A%0A%0A
[2025-12-31 20:36:34] INFO: {GET} /test%0A%0A%0A%0A
[2025-12-31 21:09:51] INFO: {GET} /auth/test%0A%0A%0A%0A
[2025-12-31 21:35:31] INFO: {POST} /auth/register
[2025-12-31 21:38:08] INFO: {POST} /auth/register
[2025-12-31 21:47:38] INFO: {POST} /auth/register
[2025-12-31 22:14:09] INFO: {POST} /auth/register
[2025-12-31 22:17:42] INFO: {POST} /identification/register
[2025-12-31 22:19:13] INFO: {POST} /auth/register
[2025-12-31 22:25:14] INFO: {POST} /identification/register
[2025-12-31 22:32:24] INFO: {POST} /identification/register
[2025-12-31 22:37:13] INFO: {POST} /identification/register
[2025-12-31 22:39:44] INFO: {POST} /identification/register
[2025-12-31 22:40:22] INFO: {POST} /identification/register
[2025-12-31 22:48:14] INFO: {GET} /check
[2025-12-31 22:51:29] INFO: {POST} /student/register
[2025-12-31 22:53:51] INFO: {POST} /identification/register
[2025-12-31 23:00:20] INFO: {POST} /identification/register
[2025-12-31 23:02:22] INFO: {POST} /identification/register
[2025-12-31 23:05:30] INFO: {GET} /identification/test-me
[2025-12-31 23:08:08] INFO: {GET} /identification/test-me
[2025-12-31 23:09:04] INFO: {POST} /identification/register
[2025-12-31 23:12:51] INFO: {POST} /identification/login
[2025-12-31 23:13:25] INFO: {GET} /users
[2025-12-31 23:13:47] INFO: {GET} /identification/register
[2025-12-31 23:13:57] INFO: {GET} /identification/register
[2025-12-31 23:14:19] INFO: {POST} /identification/register
[2025-12-31 23:15:15] INFO: {POST} /identification/login
[2025-12-31 23:17:26] INFO: {POST} /identification/login
[2025-12-31 23:17:42] INFO: {POST} /identification/register
[2025-12-31 23:18:49] INFO: {POST} /identification/login
[2025-12-31 23:19:01] INFO: {POST} /identification/login
[2025-12-31 23:19:34] INFO: {POST} /identification/login
[2025-12-31 23:23:08] INFO: {POST} /identification/login
[2025-12-31 23:25:42] INFO: {POST} /identification/register
[2025-12-31 23:26:41] INFO: {POST} /identification/login
[2025-12-31 23:27:04] INFO: {POST} /identification/login
[2025-12-31 23:27:20] INFO: {POST} /identification/login
[2025-12-31 23:30:11] INFO: {POST} /identification/login
[2025-12-31 23:30:49] INFO: {POST} /identification/login
[2025-12-31 23:31:18] INFO: {POST} /identification/register
[2025-12-31 23:33:47] INFO: {POST} /identification/register
[2025-12-31 23:33:59] INFO: {POST} /identification/login
[2025-12-31 23:36:03] INFO: {POST} /identification/login
[2025-12-31 23:39:20] INFO: {POST} /identification/login
[2025-12-31 23:40:25] INFO: {POST} /identification/login
[2025-12-31 23:43:28] INFO: {POST} /identification/login
[2025-12-31 23:46:34] INFO: {POST} /identification/login
[2025-12-31 23:48:10] INFO: {POST} /identification/login
[2025-12-31 23:49:33] INFO: {POST} /identification/login
[2025-12-31 23:50:46] INFO: {POST} /identification/login
[2025-12-31 23:55:34] INFO: {POST} /identification/login
[2025-12-31 23:57:52] INFO: {POST} /identification/login
[2025-12-31 23:58:59] INFO: {POST} /identification/login
[2026-01-01 00:04:44] INFO: {POST} /identification/login
[2026-01-01 00:12:16] INFO: {POST} /identification/login
[2026-01-01 00:19:29] INFO: {POST} /identification/login
[2026-01-01 00:24:54] INFO: {POST} /identification/login
[2026-01-01 00:32:26] INFO: {POST} /identification/register
[2026-01-01 00:38:14] INFO: {POST} /assignments
[2026-01-01 00:45:19] INFO: {POST} /addAssignment
[2026-01-01 01:06:27] INFO: {POST} /teacher/addAssignment
[2026-01-01 01:09:39] INFO: {POST} /teacher/addAssignment
[2026-01-01 01:12:08] INFO: {POST} /teacher/addAssignment
[2026-01-01 01:14:24] INFO: {POST} /identification/login
[2026-01-01 01:15:02] INFO: {POST} /teacher/addAssignment
[2026-01-01 01:16:47] INFO: {POST} /teacher/addAssignment
[2026-01-01 01:19:18] INFO: {POST} /teacher/addAssignment
[2026-01-01 01:23:42] INFO: {GET} /teacher/submissions
[2026-01-01 01:24:13] INFO: {GET} /teacher/submissions
[2026-01-01 01:35:44] INFO: {POST} /identification/login
[2026-01-01 01:36:45] INFO: {POST} /identification/login
[2026-01-01 01:38:19] INFO: {GET} /student/assignments?athorization=token%20eyJhbGciOiJIUzI1NiIsInR5cCI6IkpXVCJ9.eyJ1c2VySWQiOiI1NDY5MDEyNCIsInJvbGUiOiJzdHVkZW50IiwiaWF0IjoxNzY3MjI0MjA1LCJleHAiOjE3OTg3ODE4MDV9.OcMSVTlaZ5CinvWuTesohTvkAmn0tzXDiDe2wsWo104
[2026-01-01 01:38:41] INFO: {GET} /student/assignments?athorization=token%20eyJhbGciOiJIUzI1NiIsInR5cCI6IkpXVCJ9.eyJ1c2VySWQiOiI1NDY5MDEyNCIsInJvbGUiOiJzdHVkZW50IiwiaWF0IjoxNzY3MjI0MjA1LCJleHAiOjE3OTg3ODE4MDV9.OcMSVTlaZ5CinvWuTesohTvkAmn0tzXDiDe2wsWo104
[2026-01-01 01:40:38] INFO: {POST} /student/submissions
[2026-01-01 01:43:32] INFO: {POST} /student/submitAssignment/54690124
[2026-01-01 01:45:34] INFO: {POST} /student/submitAssignment/54690124
[2026-01-01 01:47:31] INFO: {POST} /student/submitAssignment/54690124
[2026-01-01 01:50:14] INFO: {POST} /student/submitAssignment/54690124
[2026-01-01 01:54:23] INFO: {GET} /student/mySubmisions
